🚀 Auto Scanner v2 Started - Based on pattern analysis
✅ AUTO BOUGHT: Lenny @ $14,882
✅ AUTO BOUGHT: Setushi @ $73,314
✅ AUTO BOUGHT: AUSD @ $11,797
✅ AUTO BOUGHT: Analcoin @ $14,961
⏳ Max open positions (5) reached, skipping scan
⏳ Max open positions (5) reached, skipping scan
⏳ Max open positions (5) reached, skipping scan
⏳ Max open positions (5) reached, skipping scan
⏳ Max open positions (5) reached, skipping scan
⏳ Max open positions (5) reached, skipping scan
⏳ Max open positions (5) reached, skipping scan
⏳ Max open positions (5) reached, skipping scan
⏳ Max open positions (5) reached, skipping scan
⏳ Max open positions (5) reached, skipping scan
⏳ Max open positions (5) reached, skipping scan
⏳ Max open positions (5) reached, skipping scan
⏳ Max open positions (5) reached, skipping scan
⏳ Max open positions (5) reached, skipping scan
⏳ Max open positions (5) reached, skipping scan
⏳ Max open positions (5) reached, skipping scan
⏳ Max open positions (5) reached, skipping scan
⏳ Max open positions (5) reached, skipping scan
⏳ Max open positions (5) reached, skipping scan
⏳ Max open positions (5) reached, skipping scan
⏳ Max open positions (5) reached, skipping scan
⏳ Max open positions (5) reached, skipping scan
⏳ Max open positions (5) reached, skipping scan
⏳ Max open positions (5) reached, skipping scan
⏳ Max open positions (5) reached, skipping scan
⏳ Max open positions (5) reached, skipping scan
