🚀 DEX Scanner Started
   Scan interval: 90s

--- Scan #1 [2026-04-06T16:06:52.669706] ---

🏐 DEX ALERT
━━━━━━━━━━━━━━━━━━━━━━━━━━━━━━━━━
💰 Chiikawa
🔗 CA: 2c1KjiyQow66QfsnCtoyuqfo3AuxgpBMEoAq5oiiXqdu
📊 Signal: PRICE++54.5%

💎 FDV: $52.5K
💧 Liquidity: $17.5K
📈 Vol 24h: $139.9K
📉 Price 24h: +54.5%
⏱️ Age: 0 min
🔗 https://dexscreener.com/solana/2c1KjiyQow66QfsnCtoyuqfo3AuxgpBMEoAq5oiiXqdu

⚙️ Reply GO to execute (manually on GMGN)
⚙️ Or: /buy 2c1KjiyQow66QfsnCtoyuqfo3AuxgpBMEoAq5oiiXqdu 0.1 on GMGN bot

🏐 DEX ALERT
━━━━━━━━━━━━━━━━━━━━━━━━━━━━━━━━━
💰 WHIP
🔗 CA: B4ChW4MMQLEKrNDv1be74CdhkYc9Gr9YKVUXFEjMpump
📊 Signal: BUYMOMENTUM

💎 FDV: $39.0K
💧 Liquidity: $15.2K
📈 Vol 24h: $144.8K
📉 Price 24h: +15.8%
⏱️ Age: 0 min
🔗 https://dexscreener.com/solana/B4ChW4MMQLEKrNDv1be74CdhkYc9Gr9YKVUXFEjMpump

⚙️ Reply GO to execute (manually on GMGN)
⚙️ Or: /buy B4ChW4MMQLEKrNDv1be74CdhkYc9Gr9YKVUXFEjMpump 0.1 on GMGN bot

🏐 DEX ALERT
━━━━━━━━━━━━━━━━━━━━━━━━━━━━━━━━━
💰 stonks
🔗 CA: 0xd39C413e1238a423A94f70E5B6A16AB256FcacDc
📊 Signal: PRICE++8626.0%, BUYMOMENTUM

💎 FDV: $116.7K
💧 Liquidity: $25.0K
📈 Vol 24h: $50.0K
📉 Price 24h: +8626.0%
⏱️ Age: 0 min
🔗 https://dexscreener.com/solana/0xd39C413e1238a423A94f70E5B6A16AB256FcacDc

⚙️ Reply GO to execute (manually on GMGN)
⚙️ Or: /buy 0xd39C413e1238a423A94f70E5B6A16AB256FcacDc 0.1 on GMGN bot
   Found 3 opportunities
   📝 Logged to learning journal
   📝 Logged to learning journal
   📝 Logged to learning journal

--- Scan #2 [2026-04-06T16:08:23.256288] ---
   No opportunities found

--- Scan #3 [2026-04-06T16:09:53.283733] ---

🏐 DEX ALERT
━━━━━━━━━━━━━━━━━━━━━━━━━━━━━━━━━
💰 1014
🔗 CA: 0x4E26A901078d97278108AC93f6a3E72684D54444
📊 Signal: PRICE++55.8%

💎 FDV: $83.6K
💧 Liquidity: $27.0K
📈 Vol 24h: $81.6K
📉 Price 24h: +55.8%
⏱️ Age: 0 min
🔗 https://dexscreener.com/solana/0x4E26A901078d97278108AC93f6a3E72684D54444

⚙️ Reply GO to execute (manually on GMGN)
⚙️ Or: /buy 0x4E26A901078d97278108AC93f6a3E72684D54444 0.1 on GMGN bot
   Found 1 opportunities
   📝 Logged to learning journal

--- Scan #4 [2026-04-06T16:11:23.367011] ---
   No opportunities found

--- Scan #5 [2026-04-06T16:12:53.498240] ---
   No opportunities found

--- Scan #6 [2026-04-06T16:14:23.544321] ---

🏐 DEX ALERT
━━━━━━━━━━━━━━━━━━━━━━━━━━━━━━━━━
💰 CHAD
🔗 CA: A27DFSKL8o6EpMfEEm5H1e1Sn4VTaBNB1qgCTpuSWH8d
📊 Signal: PRICE++630.0%, BUYMOMENTUM

💎 FDV: $0
💧 Liquidity: $19.9K
📈 Vol 24h: $12.0K
📉 Price 24h: +630.0%
⏱️ Age: 0 min
🔗 https://dexscreener.com/solana/A27DFSKL8o6EpMfEEm5H1e1Sn4VTaBNB1qgCTpuSWH8d

⚙️ Reply GO to execute (manually on GMGN)
⚙️ Or: /buy A27DFSKL8o6EpMfEEm5H1e1Sn4VTaBNB1qgCTpuSWH8d 0.1 on GMGN bot
   Found 1 opportunities
   📝 Logged to learning journal

--- Scan #7 [2026-04-06T16:15:53.682251] ---
   No opportunities found

--- Scan #8 [2026-04-06T16:17:23.769769] ---

🏐 DEX ALERT
━━━━━━━━━━━━━━━━━━━━━━━━━━━━━━━━━
💰 Grok
🔗 CA: 4GJTCyvXYHyrY7CpRMKeLRqMdTqqZ3uaH1mRtGJqaXZb
📊 Signal: HIGHVOL, PRICE++6312.0%

💎 FDV: $1.47M
💧 Liquidity: $155.4K
📈 Vol 24h: $954.2K
📉 Price 24h: +6312.0%
⏱️ Age: 0 min
🔗 https://dexscreener.com/solana/4GJTCyvXYHyrY7CpRMKeLRqMdTqqZ3uaH1mRtGJqaXZb

⚙️ Reply GO to execute (manually on GMGN)
⚙️ Or: /buy 4GJTCyvXYHyrY7CpRMKeLRqMdTqqZ3uaH1mRtGJqaXZb 0.1 on GMGN bot
   Found 1 opportunities
   📝 Logged to learning journal

--- Scan #9 [2026-04-06T16:18:53.880341] ---
   No opportunities found

--- Scan #10 [2026-04-06T16:20:23.991231] ---

🏐 DEX ALERT
━━━━━━━━━━━━━━━━━━━━━━━━━━━━━━━━━
💰 ASI
🔗 CA: GSjKP14BiDvYSfreRZyVMnrWre7v4c3ow6PHHBTHyucH
📊 Signal: PRICE++64.5%

💎 FDV: $55.6K
💧 Liquidity: $18.4K
📈 Vol 24h: $232.6K
📉 Price 24h: +64.5%
⏱️ Age: 0 min
🔗 https://dexscreener.com/solana/GSjKP14BiDvYSfreRZyVMnrWre7v4c3ow6PHHBTHyucH

⚙️ Reply GO to execute (manually on GMGN)
⚙️ Or: /buy GSjKP14BiDvYSfreRZyVMnrWre7v4c3ow6PHHBTHyucH 0.1 on GMGN bot
   Found 1 opportunities
   📝 Logged to learning journal

--- Scan #11 [2026-04-06T16:21:54.104327] ---
   No opportunities found

--- Scan #12 [2026-04-06T16:23:24.216322] ---
   No opportunities found

--- Scan #13 [2026-04-06T16:24:54.296294] ---
   No opportunities found

--- Scan #14 [2026-04-06T16:26:24.396324] ---

🏐 DEX ALERT
━━━━━━━━━━━━━━━━━━━━━━━━━━━━━━━━━
💰 TrencherAI
🔗 CA: 0x89338596eca080e254fF2Ccbe43f82aB9E752BA3
📊 Signal: PRICE++78.8%

💎 FDV: $37.5K
💧 Liquidity: $35.2K
📈 Vol 24h: $49.9K
📉 Price 24h: +78.8%
⏱️ Age: 0 min
🔗 https://dexscreener.com/solana/0x89338596eca080e254fF2Ccbe43f82aB9E752BA3

⚙️ Reply GO to execute (manually on GMGN)
⚙️ Or: /buy 0x89338596eca080e254fF2Ccbe43f82aB9E752BA3 0.1 on GMGN bot
   Found 1 opportunities
   📝 Logged to learning journal

--- Scan #15 [2026-04-06T16:27:54.564327] ---
   No opportunities found

--- Scan #16 [2026-04-06T16:29:24.710224] ---
   No opportunities found

--- Scan #17 [2026-04-06T16:30:55.032330] ---
   No opportunities found

--- Scan #18 [2026-04-06T16:32:25.179478] ---
   No opportunities found

--- Scan #19 [2026-04-06T16:33:55.256310] ---
   No opportunities found

--- Scan #20 [2026-04-06T16:35:25.356445] ---

🏐 DEX ALERT
━━━━━━━━━━━━━━━━━━━━━━━━━━━━━━━━━
💰 A S I
🔗 CA: GrFFRXZX7XE6zqeFnmu2E1ubJeu8stDnMLdQ9HvWpump
📊 Signal: BUYPRESSURE, PRICE++300.0%, BUYMOMENTUM

💎 FDV: $165.2K
💧 Liquidity: $31.4K
📈 Vol 24h: $166.9K
📉 Price 24h: +300.0%
⏱️ Age: 0 min
🔗 https://dexscreener.com/solana/GrFFRXZX7XE6zqeFnmu2E1ubJeu8stDnMLdQ9HvWpump

⚙️ Reply GO to execute (manually on GMGN)
⚙️ Or: /buy GrFFRXZX7XE6zqeFnmu2E1ubJeu8stDnMLdQ9HvWpump 0.1 on GMGN bot
   Found 1 opportunities
   📝 Logged to learning journal

--- Scan #21 [2026-04-06T16:36:55.438010] ---
   No opportunities found

--- Scan #22 [2026-04-06T16:38:25.556294] ---
   No opportunities found

--- Scan #23 [2026-04-06T16:39:55.608290] ---
   No opportunities found

--- Scan #24 [2026-04-06T16:41:25.692328] ---
   No opportunities found

--- Scan #25 [2026-04-06T16:42:55.773789] ---
   No opportunities found

--- Scan #26 [2026-04-06T16:44:25.910972] ---
   No opportunities found

--- Scan #27 [2026-04-06T16:45:56.012379] ---
   No opportunities found

--- Scan #28 [2026-04-06T16:47:26.124105] ---

🏐 DEX ALERT
━━━━━━━━━━━━━━━━━━━━━━━━━━━━━━━━━
💰 KERMIT
🔗 CA: 2giC2MXhhENo4jkbRjfAgNAZboTJtXZTsSFbMZKwpump
📊 Signal: HIGHVOL, PRICE++2071.0%

💎 FDV: $735.9K
💧 Liquidity: $66.0K
📈 Vol 24h: $306.4K
📉 Price 24h: +2071.0%
⏱️ Age: 0 min
🔗 https://dexscreener.com/solana/2giC2MXhhENo4jkbRjfAgNAZboTJtXZTsSFbMZKwpump

⚙️ Reply GO to execute (manually on GMGN)
⚙️ Or: /buy 2giC2MXhhENo4jkbRjfAgNAZboTJtXZTsSFbMZKwpump 0.1 on GMGN bot

🏐 DEX ALERT
━━━━━━━━━━━━━━━━━━━━━━━━━━━━━━━━━
💰 stunks
🔗 CA: G7WmjEgJrQQyLyV31mFYoemZ6Az7MaQJNSbNYUbppump
📊 Signal: BUYMOMENTUM

💎 FDV: $14.6K
💧 Liquidity: $0
📈 Vol 24h: $26.3K
📉 Price 24h: +496.0%
⏱️ Age: 0 min
🔗 https://dexscreener.com/solana/G7WmjEgJrQQyLyV31mFYoemZ6Az7MaQJNSbNYUbppump

⚙️ Reply GO to execute (manually on GMGN)
⚙️ Or: /buy G7WmjEgJrQQyLyV31mFYoemZ6Az7MaQJNSbNYUbppump 0.1 on GMGN bot
   Found 2 opportunities
   📝 Logged to learning journal
   📝 Logged to learning journal

--- Scan #29 [2026-04-06T16:48:56.280388] ---
   No opportunities found

--- Scan #30 [2026-04-06T16:50:26.392306] ---
   No opportunities found

--- Scan #31 [2026-04-06T16:51:56.511079] ---
   No opportunities found

--- Scan #32 [2026-04-06T16:53:26.616309] ---
   No opportunities found

--- Scan #33 [2026-04-06T16:54:56.648290] ---

🏐 DEX ALERT
━━━━━━━━━━━━━━━━━━━━━━━━━━━━━━━━━
💰 magacock
🔗 CA: 316z9vogYt1T6odH6uZrVcZWVp5thR1sSJvLzXP7pump
📊 Signal: PRICE++62.4%

💎 FDV: $19.6K
💧 Liquidity: $10.7K
📈 Vol 24h: $2.2K
📉 Price 24h: +62.4%
⏱️ Age: 0 min
🔗 https://dexscreener.com/solana/316z9vogYt1T6odH6uZrVcZWVp5thR1sSJvLzXP7pump

⚙️ Reply GO to execute (manually on GMGN)
⚙️ Or: /buy 316z9vogYt1T6odH6uZrVcZWVp5thR1sSJvLzXP7pump 0.1 on GMGN bot
   Found 1 opportunities
   📝 Logged to learning journal

--- Scan #34 [2026-04-06T16:56:26.744282] ---
   No opportunities found

--- Scan #35 [2026-04-06T16:57:56.827458] ---
   No opportunities found

--- Scan #36 [2026-04-06T16:59:27.001922] ---
   No opportunities found
