🎮 TRADING SIMULATOR STARTED
💰 Starting: 1.1324 SOL | Target: Beat initial
📊 Rules: TP1 +50% | TP2 +100% | SL -30%
📝 History: 1 trades (1W/0L)

==================================================
📊 SIM WALLET STATUS
==================================================
💰 Balance: 1.1324 SOL
📈 Open: 0 | Closed: 1
✅ Wins: 1 | ❌ Losses: 0
📈 Win Rate: 100.0%
💵 Total P&L: +0.0324 SOL
📊 Return: +13.24%
==================================================

==================================================
📊 SIM WALLET STATUS
==================================================
💰 Balance: 1.1324 SOL
📈 Open: 0 | Closed: 1
✅ Wins: 1 | ❌ Losses: 0
📈 Win Rate: 100.0%
💵 Total P&L: +0.0324 SOL
📊 Return: +13.24%
==================================================

==================================================
📊 SIM WALLET STATUS
==================================================
💰 Balance: 1.1324 SOL
📈 Open: 0 | Closed: 1
✅ Wins: 1 | ❌ Losses: 0
📈 Win Rate: 100.0%
💵 Total P&L: +0.0324 SOL
📊 Return: +13.24%
==================================================

==================================================
📊 SIM WALLET STATUS
==================================================
💰 Balance: 1.1324 SOL
📈 Open: 0 | Closed: 1
✅ Wins: 1 | ❌ Losses: 0
📈 Win Rate: 100.0%
💵 Total P&L: +0.0324 SOL
📊 Return: +13.24%
==================================================

==================================================
📊 SIM WALLET STATUS
==================================================
💰 Balance: 1.1324 SOL
📈 Open: 0 | Closed: 1
✅ Wins: 1 | ❌ Losses: 0
📈 Win Rate: 100.0%
💵 Total P&L: +0.0324 SOL
📊 Return: +13.24%
==================================================

==================================================
📊 SIM WALLET STATUS
==================================================
💰 Balance: 1.1324 SOL
📈 Open: 0 | Closed: 1
✅ Wins: 1 | ❌ Losses: 0
📈 Win Rate: 100.0%
💵 Total P&L: +0.0324 SOL
📊 Return: +13.24%
==================================================

==================================================
📊 SIM WALLET STATUS
==================================================
💰 Balance: 1.1324 SOL
📈 Open: 0 | Closed: 1
✅ Wins: 1 | ❌ Losses: 0
📈 Win Rate: 100.0%
💵 Total P&L: +0.0324 SOL
📊 Return: +13.24%
==================================================

==================================================
📊 SIM WALLET STATUS
==================================================
💰 Balance: 1.1324 SOL
📈 Open: 0 | Closed: 1
✅ Wins: 1 | ❌ Losses: 0
📈 Win Rate: 100.0%
💵 Total P&L: +0.0324 SOL
📊 Return: +13.24%
==================================================

==================================================
📊 SIM WALLET STATUS
==================================================
💰 Balance: 1.1324 SOL
📈 Open: 0 | Closed: 1
✅ Wins: 1 | ❌ Losses: 0
📈 Win Rate: 100.0%
💵 Total P&L: +0.0324 SOL
📊 Return: +13.24%
==================================================

==================================================
📊 SIM WALLET STATUS
==================================================
💰 Balance: 1.1324 SOL
📈 Open: 0 | Closed: 1
✅ Wins: 1 | ❌ Losses: 0
📈 Win Rate: 100.0%
💵 Total P&L: +0.0324 SOL
📊 Return: +13.24%
==================================================

==================================================
📊 SIM WALLET STATUS
==================================================
💰 Balance: 1.1324 SOL
📈 Open: 0 | Closed: 1
✅ Wins: 1 | ❌ Losses: 0
📈 Win Rate: 100.0%
💵 Total P&L: +0.0324 SOL
📊 Return: +13.24%
==================================================

==================================================
📊 SIM WALLET STATUS
==================================================
💰 Balance: 1.1324 SOL
📈 Open: 0 | Closed: 1
✅ Wins: 1 | ❌ Losses: 0
📈 Win Rate: 100.0%
💵 Total P&L: +0.0324 SOL
📊 Return: +13.24%
==================================================

==================================================
📊 SIM WALLET STATUS
==================================================
💰 Balance: 1.1324 SOL
📈 Open: 0 | Closed: 1
✅ Wins: 1 | ❌ Losses: 0
📈 Win Rate: 100.0%
💵 Total P&L: +0.0324 SOL
📊 Return: +13.24%
==================================================

==================================================
📊 SIM WALLET STATUS
==================================================
💰 Balance: 1.1324 SOL
📈 Open: 0 | Closed: 1
✅ Wins: 1 | ❌ Losses: 0
📈 Win Rate: 100.0%
💵 Total P&L: +0.0324 SOL
📊 Return: +13.24%
==================================================

==================================================
📊 SIM WALLET STATUS
==================================================
💰 Balance: 1.1324 SOL
📈 Open: 0 | Closed: 1
✅ Wins: 1 | ❌ Losses: 0
📈 Win Rate: 100.0%
💵 Total P&L: +0.0324 SOL
📊 Return: +13.24%
==================================================

==================================================
📊 SIM WALLET STATUS
==================================================
💰 Balance: 1.1324 SOL
📈 Open: 0 | Closed: 1
✅ Wins: 1 | ❌ Losses: 0
📈 Win Rate: 100.0%
💵 Total P&L: +0.0324 SOL
📊 Return: +13.24%
==================================================

==================================================
📊 SIM WALLET STATUS
==================================================
💰 Balance: 1.1324 SOL
📈 Open: 0 | Closed: 1
✅ Wins: 1 | ❌ Losses: 0
📈 Win Rate: 100.0%
💵 Total P&L: +0.0324 SOL
📊 Return: +13.24%
==================================================

==================================================
📊 SIM WALLET STATUS
==================================================
💰 Balance: 1.1324 SOL
📈 Open: 0 | Closed: 1
✅ Wins: 1 | ❌ Losses: 0
📈 Win Rate: 100.0%
💵 Total P&L: +0.0324 SOL
📊 Return: +13.24%
==================================================

==================================================
📊 SIM WALLET STATUS
==================================================
💰 Balance: 1.1324 SOL
📈 Open: 0 | Closed: 1
✅ Wins: 1 | ❌ Losses: 0
📈 Win Rate: 100.0%
💵 Total P&L: +0.0324 SOL
📊 Return: +13.24%
==================================================

==================================================
📊 SIM WALLET STATUS
==================================================
💰 Balance: 1.1324 SOL
📈 Open: 0 | Closed: 1
✅ Wins: 1 | ❌ Losses: 0
📈 Win Rate: 100.0%
💵 Total P&L: +0.0324 SOL
📊 Return: +13.24%
==================================================

==================================================
📊 SIM WALLET STATUS
==================================================
💰 Balance: 1.1324 SOL
📈 Open: 0 | Closed: 1
✅ Wins: 1 | ❌ Losses: 0
📈 Win Rate: 100.0%
💵 Total P&L: +0.0324 SOL
📊 Return: +13.24%
==================================================

==================================================
📊 SIM WALLET STATUS
==================================================
💰 Balance: 1.1324 SOL
📈 Open: 0 | Closed: 1
✅ Wins: 1 | ❌ Losses: 0
📈 Win Rate: 100.0%
💵 Total P&L: +0.0324 SOL
📊 Return: +13.24%
==================================================

==================================================
📊 SIM WALLET STATUS
==================================================
💰 Balance: 1.1324 SOL
📈 Open: 0 | Closed: 1
✅ Wins: 1 | ❌ Losses: 0
📈 Win Rate: 100.0%
💵 Total P&L: +0.0324 SOL
📊 Return: +13.24%
==================================================

==================================================
📊 SIM WALLET STATUS
==================================================
💰 Balance: 1.1324 SOL
📈 Open: 0 | Closed: 1
✅ Wins: 1 | ❌ Losses: 0
📈 Win Rate: 100.0%
💵 Total P&L: +0.0324 SOL
📊 Return: +13.24%
==================================================

==================================================
📊 SIM WALLET STATUS
==================================================
💰 Balance: 1.1324 SOL
📈 Open: 0 | Closed: 1
✅ Wins: 1 | ❌ Losses: 0
