🎮 TRADING SIMULATOR STARTED
💰 Starting: 3.0000 SOL | Target: Beat initial
📊 Rules: TP1 +50% | TP2 +100% | SL -30%
📝 History: 0 trades (0W/0L)

==================================================
📡 DEXSCREENER SIGNAL
━━━━━━━━━━━━━━━━━━━━━━━━━━━━━━━━━━
💰 Grok
📊 VOL 0.0%
💎 FDV: $1.5M | Liq: $155K
📈 Price: $0.001467
🎯 TP1: +50% | TP2: +100% | Stop: -30%
🔗 https://dexscreener.com/solana/4GJTCyvXYHyrY7CpRMKeLRqMdTqqZ3uaH1mRtGJqaXZb
==================================================
🟢 BUY 0.1 SOL of Grok
   Entry simulated at $0.000100

==================================================
📊 SIM WALLET STATUS
==================================================
💰 Balance: 2.9000 SOL
📈 Open: 1 | Closed: 0
✅ Wins: 0 | ❌ Losses: 0
📈 Win Rate: 0.0%
💵 Total P&L: +0.0000 SOL
📊 Return: -10.00%
==================================================

🎯 TP1 HIT! Grok at +68.6% (net: +63.6%) — sold 50%

==================================================
📊 SIM WALLET STATUS
==================================================
💰 Balance: 3.1454 SOL
📈 Open: 1 | Closed: 0
✅ Wins: 0 | ❌ Losses: 0
📈 Win Rate: 0.0%
💵 Total P&L: +0.0000 SOL
📊 Return: +14.54%
==================================================
