🔧 WATCHDOG STARTED
[13:35:00] Systems: 3/3
Git backup...
[master a1c43e6] Auto-backup 13:35
 1 file changed, 3 insertions(+)
 create mode 100644 watchdog.log
To https://github.com/cploveless123/Dex-trading-bot.git
   7760748..a1c43e6  master -> master
[13:35:31] Systems: 3/3
[13:36:01] Systems: 3/3
[13:36:32] Systems: 3/3
[13:37:02] Systems: 3/3
[13:37:32] Systems: 3/3
[13:38:02] Systems: 3/3
[13:38:32] Systems: 3/3
[13:39:02] Systems: 3/3
[13:39:32] Systems: 3/3
[13:40:02] Systems: 3/3
Git backup...
[master 4b2d6a1] Auto-backup 13:40
 1 file changed, 2 insertions(+)
To https://github.com/cploveless123/Dex-trading-bot.git
   51d8365..4b2d6a1  master -> master
[13:40:33] Systems: 3/3
[13:41:03] Systems: 3/3
[13:41:33] Systems: 3/3
[13:42:03] Systems: 3/3
[13:42:33] Systems: 3/3
[13:43:03] Systems: 3/3
[13:43:33] Systems: 3/3
[13:44:04] Systems: 3/3
[13:44:34] Systems: 3/3
[13:45:04] Systems: 3/3
Git backup...
[master 3876951] Auto-backup 13:45
 1 file changed, 2 insertions(+)
To https://github.com/cploveless123/Dex-trading-bot.git
   0ad2a87..3876951  master -> master
[13:45:35] Systems: 3/3
[13:46:05] Systems: 3/3
[13:46:35] Systems: 3/3
[13:47:05] Systems: 3/3
[13:47:35] Systems: 3/3
[13:48:05] Systems: 3/3
[13:48:35] Systems: 3/3
[13:49:05] Systems: 3/3
[13:49:35] Systems: 3/3
[13:50:05] Systems: 3/3
Git backup...
[master 4038694] Auto-backup 13:50
 1 file changed, 2 insertions(+)
To https://github.com/cploveless123/Dex-trading-bot.git
   dbae0ac..4038694  master -> master
[13:50:36] Systems: 3/3
[13:51:06] Systems: 3/3
[13:51:36] Systems: 3/3
[13:52:06] Systems: 3/3
[13:52:37] Systems: 3/3
[13:53:07] Systems: 3/3
[13:53:37] Systems: 3/3
[13:54:07] Systems: 3/3
[13:54:37] Systems: 3/3
[13:55:07] Systems: 3/3
Git backup...
[master cdf41d1] Auto-backup 13:55
 1 file changed, 2 insertions(+)
To https://github.com/cploveless123/Dex-trading-bot.git
   3e0d4fc..cdf41d1  master -> master
[13:55:38] Systems: 3/3
[13:56:08] Systems: 3/3
[13:56:38] Systems: 3/3
[13:57:08] Systems: 3/3
[13:57:38] Systems: 3/3
[13:58:08] Systems: 3/3
[13:58:38] Systems: 3/3
[13:59:08] Systems: 3/3
[13:59:38] Systems: 3/3
[14:00:08] Systems: 3/3
Git backup...
[master 48b7ac0] Auto-backup 14:00
 1 file changed, 2 insertions(+)
To https://github.com/cploveless123/Dex-trading-bot.git
   2dbfc9a..48b7ac0  master -> master
[14:00:39] Systems: 3/3
[14:01:10] Systems: 3/3
[14:01:40] Systems: 3/3
[14:02:10] Systems: 3/3
[14:02:40] Systems: 3/3
[14:03:10] Systems: 3/3
[14:03:40] Systems: 3/3
[14:04:10] Systems: 3/3
[14:04:40] Systems: 3/3
[14:05:10] Systems: 3/3
Git backup...
[master 1394785] Auto-backup 14:05
 1 file changed, 2 insertions(+)
To https://github.com/cploveless123/Dex-trading-bot.git
   d6a80f2..1394785  master -> master
[14:05:41] Systems: 3/3
[14:06:11] Systems: 3/3
[14:06:41] Systems: 3/3
[14:07:11] Systems: 3/3
[14:07:41] Systems: 3/3
[14:08:11] Systems: 3/3
[14:08:41] Systems: 3/3
[14:09:12] Systems: 3/3
[14:09:42] Systems: 3/3
[14:10:12] Systems: 3/3
Git backup...
[master 63b2d9a] Auto-backup 14:10
 1 file changed, 2 insertions(+)
To https://github.com/cploveless123/Dex-trading-bot.git
   1213971..63b2d9a  master -> master
[14:10:43] Systems: 3/3
[14:11:13] Systems: 3/3
[14:11:43] Systems: 3/3
[14:12:13] Systems: 3/3
[14:12:43] Systems: 3/3
[14:13:13] Systems: 3/3
[14:13:43] Systems: 3/3
[14:14:13] Systems: 3/3
[14:14:43] Systems: 3/3
[14:15:13] Systems: 3/3
Git backup...
[master 4093a40] Auto-backup 14:15
 1 file changed, 2 insertions(+)
To https://github.com/cploveless123/Dex-trading-bot.git
   d25b5ce..4093a40  master -> master
[14:15:44] Systems: 3/3
[14:16:14] Systems: 3/3
[14:16:44] Systems: 3/3
[14:17:15] Systems: 3/3
[14:17:45] Systems: 3/3
[14:18:15] Systems: 3/3
[14:18:45] Systems: 3/3
[14:19:15] Systems: 3/3
[14:19:45] Systems: 3/3
[14:20:15] Systems: 3/3
Git backup...
[master 4ac4472] Auto-backup 14:20
 1 file changed, 2 insertions(+)
To https://github.com/cploveless123/Dex-trading-bot.git
   c4e867a..4ac4472  master -> master
[14:20:46] Systems: 3/3
[14:21:16] Systems: 3/3
[14:21:46] Systems: 3/3
[14:22:16] Systems: 3/3
[14:22:46] Systems: 3/3
[14:23:16] Systems: 3/3
[14:23:47] Systems: 3/3
[14:24:17] Systems: 3/3
[14:24:47] Systems: 3/3
[14:25:17] Systems: 3/3
Git backup...
[master 812809e] Auto-backup 14:25
 1 file changed, 2 insertions(+)
To https://github.com/cploveless123/Dex-trading-bot.git
   23b489a..812809e  master -> master
[14:25:48] Systems: 3/3
[14:26:18] Systems: 3/3
[14:26:48] Systems: 3/3
[14:27:18] Systems: 3/3
[14:27:48] Systems: 3/3
[14:28:18] Systems: 3/3
[14:28:48] Systems: 3/3
[14:29:18] Systems: 3/3
[14:29:48] Systems: 3/3
[14:30:18] Systems: 3/3
Git backup...
[master 7a53932] Auto-backup 14:30
 1 file changed, 2 insertions(+)
To https://github.com/cploveless123/Dex-trading-bot.git
   39f405a..7a53932  master -> master
[14:30:49] Systems: 3/3
[14:31:19] Systems: 3/3
[14:31:49] Systems: 3/3
[14:32:19] Systems: 3/3
[14:32:50] Systems: 3/3
[14:33:20] Systems: 3/3
[14:33:50] Systems: 3/3
[14:34:20] Systems: 3/3
[14:34:50] Systems: 3/3
[14:35:20] Systems: 3/3
Git backup...
[master 1223f3d] Auto-backup 14:35
 1 file changed, 2 insertions(+)
To https://github.com/cploveless123/Dex-trading-bot.git
   6ad6a6c..1223f3d  master -> master
[14:35:51] Systems: 3/3
[14:36:21] Systems: 3/3
[14:36:51] Systems: 3/3
[14:37:21] Systems: 3/3
[14:37:51] Systems: 3/3
[14:38:21] Systems: 3/3
[14:38:51] Systems: 3/3
[14:39:21] Systems: 3/3
[14:39:51] Systems: 3/3
[14:40:22] Systems: 3/3
Git backup...
[master fb81b5e] Auto-backup 14:40
 1 file changed, 2 insertions(+)
To https://github.com/cploveless123/Dex-trading-bot.git
   2ed0031..fb81b5e  master -> master
[14:40:52] Systems: 3/3
[14:41:22] Systems: 3/3
[14:41:53] Systems: 3/3
[14:42:23] Systems: 3/3
[14:42:53] Systems: 3/3
[14:43:23] Systems: 3/3
[14:43:53] Systems: 3/3
[14:44:23] Systems: 3/3
[14:44:53] Systems: 3/3
[14:45:23] Systems: 3/3
Git backup...
[master b0856d4] Auto-backup 14:45
 1 file changed, 2 insertions(+)
To https://github.com/cploveless123/Dex-trading-bot.git
   a8a5597..b0856d4  master -> master
[14:45:54] Systems: 3/3
[14:46:24] Systems: 3/3
[14:46:54] Systems: 3/3
[14:47:24] Systems: 3/3
[14:47:54] Systems: 3/3
[14:48:24] Systems: 3/3
[14:48:54] Systems: 3/3
[14:49:25] Systems: 3/3
[14:49:55] Systems: 3/3
[14:50:25] Systems: 3/3
Git backup...
[master 308d69c] Auto-backup 14:50
 1 file changed, 2 insertions(+)
To https://github.com/cploveless123/Dex-trading-bot.git
   5132d84..308d69c  master -> master
[14:50:56] Systems: 3/3
[14:51:26] Systems: 3/3
[14:51:56] Systems: 3/3
[14:52:26] Systems: 3/3
[14:52:56] Systems: 3/3
[14:53:26] Systems: 3/3
[14:53:56] Systems: 3/3
[14:54:26] Systems: 3/3
[14:54:56] Systems: 3/3
[14:55:26] Systems: 3/3
Git backup...
[master d19d3d6] Auto-backup 14:55
 1 file changed, 2 insertions(+)
To https://github.com/cploveless123/Dex-trading-bot.git
   d8e7b98..d19d3d6  master -> master
[14:55:57] Systems: 3/3
[14:56:27] Systems: 3/3
[14:56:57] Systems: 3/3
[14:57:27] Systems: 3/3
[14:57:57] Systems: 3/3
[14:58:28] Systems: 3/3
[14:58:58] Systems: 3/3
[14:59:28] Systems: 3/3
[14:59:58] Systems: 3/3
[15:00:28] Systems: 3/3
Git backup...
[master 2b621fd] Auto-backup 15:00
 1 file changed, 2 insertions(+)
To https://github.com/cploveless123/Dex-trading-bot.git
   95e3377..2b621fd  master -> master
[15:00:59] Systems: 3/3
[15:01:29] Systems: 3/3
[15:01:59] Systems: 3/3
[15:02:29] Systems: 3/3
[15:02:59] Systems: 3/3
[15:03:29] Systems: 3/3
[15:03:59] Systems: 3/3
[15:04:29] Systems: 3/3
[15:04:59] Systems: 3/3
[15:05:29] Systems: 3/3
Git backup...
[master 702ec02] Auto-backup 15:05
 1 file changed, 2 insertions(+)
To https://github.com/cploveless123/Dex-trading-bot.git
   d632649..702ec02  master -> master
[15:06:00] Systems: 3/3
[15:06:30] Systems: 3/3
[15:07:01] Systems: 3/3
[15:07:31] Systems: 3/3
[15:08:01] Systems: 3/3
[15:08:31] Systems: 3/3
[15:09:01] Systems: 3/3
[15:09:31] Systems: 3/3
[15:10:01] Systems: 3/3
[15:10:31] Systems: 3/3
Git backup...
[master 3d79bea] Auto-backup 15:10
 1 file changed, 2 insertions(+)
To https://github.com/cploveless123/Dex-trading-bot.git
   4bab4cb..3d79bea  master -> master
[15:11:02] Systems: 3/3
[15:11:32] Systems: 3/3
[15:12:02] Systems: 3/3
[15:12:32] Systems: 3/3
[15:13:02] Systems: 3/3
[15:13:32] Systems: 3/3
[15:14:02] Systems: 3/3
[15:14:33] Systems: 3/3
[15:15:03] Systems: 3/3
[15:15:33] Systems: 3/3
Git backup...
[master 702e7bd] Auto-backup 15:15
 1 file changed, 2 insertions(+)
To https://github.com/cploveless123/Dex-trading-bot.git
   205ba5e..702e7bd  master -> master
[15:16:04] Systems: 3/3
[15:16:34] Systems: 3/3
[15:17:04] Systems: 3/3
[15:17:34] Systems: 3/3
[15:18:04] Systems: 3/3
[15:18:34] Systems: 3/3
[15:19:04] Systems: 3/3
[15:19:34] Systems: 3/3
[15:20:04] Systems: 3/3
[15:20:34] Systems: 3/3
Git backup...
[master 8f9f488] Auto-backup 15:20
 1 file changed, 2 insertions(+)
To https://github.com/cploveless123/Dex-trading-bot.git
   35c29b5..8f9f488  master -> master
[15:21:05] Systems: 3/3
[15:21:35] Systems: 3/3
[15:22:05] Systems: 3/3
[15:22:35] Systems: 3/3
[15:23:06] Systems: 3/3
[15:23:36] Systems: 3/3
[15:24:06] Systems: 3/3
[15:24:36] Systems: 3/3
[15:25:06] Systems: 3/3
[15:25:36] Systems: 3/3
Git backup...
[master 322a968] Auto-backup 15:25
 1 file changed, 2 insertions(+)
To https://github.com/cploveless123/Dex-trading-bot.git
   5b13c71..322a968  master -> master
[15:26:07] Systems: 3/3
[15:26:37] Systems: 3/3
[15:27:07] Systems: 3/3
[15:27:37] Systems: 3/3
[15:28:07] Systems: 3/3
[15:28:37] Systems: 3/3
[15:29:07] Systems: 3/3
[15:29:37] Systems: 3/3
[15:30:07] Systems: 3/3
[15:30:38] Systems: 3/3
Git backup...
[master 2fb6426] Auto-backup 15:30
 1 file changed, 2 insertions(+)
To https://github.com/cploveless123/Dex-trading-bot.git
   d0bbb3b..2fb6426  master -> master
[15:31:08] Systems: 3/3
[15:31:39] Systems: 3/3
[15:32:09] Systems: 3/3
[15:32:39] Systems: 3/3
[15:33:09] Systems: 3/3
[15:33:39] Systems: 3/3
[15:34:09] Systems: 3/3
[15:34:39] Systems: 3/3
[15:35:09] Systems: 3/3
[15:35:39] Systems: 3/3
Git backup...
[master d1d10fd] Auto-backup 15:35
 1 file changed, 2 insertions(+)
To https://github.com/cploveless123/Dex-trading-bot.git
   77fd96e..d1d10fd  master -> master
[15:36:10] Systems: 3/3
[15:36:40] Systems: 3/3
[15:37:10] Systems: 3/3
[15:37:40] Systems: 3/3
[15:38:10] Systems: 3/3
[15:38:40] Systems: 3/3
[15:39:11] Systems: 3/3
[15:39:41] Systems: 3/3
[15:40:11] Systems: 3/3
[15:40:41] Systems: 3/3
Git backup...
[master 29ba4ee] Auto-backup 15:40
 1 file changed, 2 insertions(+)
To https://github.com/cploveless123/Dex-trading-bot.git
   12d7c25..29ba4ee  master -> master
[15:41:12] Systems: 3/3
[15:41:42] Systems: 3/3
[15:42:12] Systems: 3/3
[15:42:42] Systems: 3/3
[15:43:12] Systems: 3/3
[15:43:42] Systems: 3/3
[15:44:12] Systems: 3/3
[15:44:42] Systems: 3/3
[15:45:12] Systems: 3/3
[15:45:42] Systems: 3/3
Git backup...
[master 23a6aad] Auto-backup 15:45
 1 file changed, 2 insertions(+)
To https://github.com/cploveless123/Dex-trading-bot.git
   ad31e9c..23a6aad  master -> master
[15:46:13] Systems: 3/3
[15:46:43] Systems: 3/3
[15:47:13] Systems: 3/3
[15:47:44] Systems: 3/3
[15:48:14] Systems: 3/3
[15:48:44] Systems: 3/3
[15:49:14] Systems: 3/3
[15:49:44] Systems: 3/3
[15:50:14] Systems: 3/3
[15:50:44] Systems: 3/3
Git backup...
[master 200dcc3] Auto-backup 15:50
 1 file changed, 2 insertions(+)
To https://github.com/cploveless123/Dex-trading-bot.git
   280b149..200dcc3  master -> master
[15:51:15] Systems: 3/3
[15:51:45] Systems: 3/3
[15:52:15] Systems: 3/3
[15:52:45] Systems: 3/3
[15:53:15] Systems: 3/3
[15:53:45] Systems: 3/3
[15:54:15] Systems: 3/3
[15:54:45] Systems: 3/3
[15:55:15] Systems: 3/3
[15:55:46] Systems: 3/3
Git backup...
[master 03a01f7] Auto-backup 15:55
 1 file changed, 2 insertions(+)
To https://github.com/cploveless123/Dex-trading-bot.git
   30f92f5..03a01f7  master -> master
[15:56:16] Systems: 3/3
[15:56:47] Systems: 3/3
[15:57:17] Systems: 3/3
[15:57:47] Systems: 3/3
[15:58:17] Systems: 3/3
[15:58:47] Systems: 3/3
[15:59:17] Systems: 3/3
[15:59:47] Systems: 3/3
[16:00:17] Systems: 3/3
[16:00:47] Systems: 3/3
Git backup...
[master 873629c] Auto-backup 16:00
 1 file changed, 2 insertions(+)
To https://github.com/cploveless123/Dex-trading-bot.git
   a44e447..873629c  master -> master
[16:01:18] Systems: 3/3
[16:01:48] Systems: 3/3
[16:02:18] Systems: 3/3
[16:02:48] Systems: 3/3
[16:03:18] Systems: 3/3
[16:03:48] Systems: 3/3
[16:04:18] Systems: 3/3
[16:04:49] Systems: 3/3
[16:05:19] Systems: 3/3
[16:05:49] Systems: 3/3
Git backup...
[master 024d1bf] Auto-backup 16:05
 1 file changed, 2 insertions(+)
To https://github.com/cploveless123/Dex-trading-bot.git
   d1349f2..024d1bf  master -> master
[16:06:20] Systems: 3/3
[16:06:50] Systems: 3/3
[16:07:20] Systems: 3/3
[16:07:50] Systems: 3/3
[16:08:20] Systems: 3/3
[16:08:50] Systems: 3/3
[16:09:20] Systems: 3/3
[16:09:50] Systems: 3/3
[16:10:20] Systems: 3/3
[16:10:50] Systems: 3/3
Git backup...
[master 2baf7d5] Auto-backup 16:10
 1 file changed, 2 insertions(+)
To https://github.com/cploveless123/Dex-trading-bot.git
   0f6b4f9..2baf7d5  master -> master
[16:11:21] Systems: 3/3
[16:11:51] Systems: 3/3
[16:12:21] Systems: 3/3
[16:12:51] Systems: 3/3
[16:13:21] Systems: 3/3
[16:13:52] Systems: 3/3
[16:14:22] Systems: 3/3
[16:14:52] Systems: 3/3
[16:15:22] Systems: 3/3
[16:15:52] Systems: 3/3
Git backup...
[master b309b9d] Auto-backup 16:15
 1 file changed, 2 insertions(+)
To https://github.com/cploveless123/Dex-trading-bot.git
   6f73e92..b309b9d  master -> master
[16:16:23] Systems: 3/3
[16:16:53] Systems: 3/3
[16:17:23] Systems: 3/3
[16:17:53] Systems: 3/3
[16:18:23] Systems: 3/3
[16:18:53] Systems: 3/3
[16:19:23] Systems: 3/3
[16:19:53] Systems: 3/3
[16:20:23] Systems: 3/3
[16:20:53] Systems: 3/3
Git backup...
[master 53ae1f0] Auto-backup 16:20
 1 file changed, 2 insertions(+)
To https://github.com/cploveless123/Dex-trading-bot.git
   b5a6d0e..53ae1f0  master -> master
[16:21:24] Systems: 3/3
[16:21:54] Systems: 3/3
[16:22:25] Systems: 3/3
[16:22:55] Systems: 3/3
[16:23:25] Systems: 3/3
[16:23:55] Systems: 3/3
[16:24:25] Systems: 3/3
[16:24:55] Systems: 3/3
[16:25:25] Systems: 3/3
[16:25:55] Systems: 3/3
Git backup...
[master 5646a9f] Auto-backup 16:25
 1 file changed, 2 insertions(+)
To https://github.com/cploveless123/Dex-trading-bot.git
   b154569..5646a9f  master -> master
[16:26:26] Systems: 3/3
[16:26:56] Systems: 3/3
[16:27:26] Systems: 3/3
[16:27:56] Systems: 3/3
[16:28:26] Systems: 3/3
[16:28:56] Systems: 3/3
[16:29:26] Systems: 3/3
[16:29:56] Systems: 3/3
[16:30:27] Systems: 3/3
[16:30:57] Systems: 3/3
Git backup...
[master be6ab99] Auto-backup 16:30
 1 file changed, 2 insertions(+)
To https://github.com/cploveless123/Dex-trading-bot.git
   7c94f11..be6ab99  master -> master
[16:31:28] Systems: 3/3
[16:31:58] Systems: 3/3
[16:32:28] Systems: 3/3
[16:32:58] Systems: 3/3
[16:33:28] Systems: 3/3
[16:33:58] Systems: 3/3
[16:34:28] Systems: 3/3
[16:34:58] Systems: 3/3
[16:35:28] Systems: 3/3
[16:35:58] Systems: 3/3
Git backup...
[master cca9d32] Auto-backup 16:35
 1 file changed, 2 insertions(+)
To https://github.com/cploveless123/Dex-trading-bot.git
   36889e2..cca9d32  master -> master
[16:36:29] Systems: 3/3
[16:36:59] Systems: 3/3
[16:37:29] Systems: 3/3
[16:37:59] Systems: 3/3
[16:38:29] Systems: 3/3
[16:38:59] Systems: 3/3
[16:39:30] Systems: 3/3
[16:40:00] Systems: 3/3
[16:40:30] Systems: 3/3
[16:41:00] Systems: 3/3
Git backup...
[master 186fa11] Auto-backup 16:41
 1 file changed, 2 insertions(+)
To https://github.com/cploveless123/Dex-trading-bot.git
   4f4a6c9..186fa11  master -> master
[16:41:31] Systems: 3/3
[16:42:01] Systems: 3/3
[16:42:31] Systems: 3/3
[16:43:01] Systems: 3/3
[16:43:31] Systems: 3/3
[16:44:01] Systems: 3/3
[16:44:31] Systems: 3/3
[16:45:01] Systems: 3/3
[16:45:31] Systems: 3/3
[16:46:01] Systems: 3/3
Git backup...
[master 33940b5] Auto-backup 16:46
 1 file changed, 2 insertions(+)
To https://github.com/cploveless123/Dex-trading-bot.git
   27ae278..33940b5  master -> master
[16:46:32] Systems: 3/3
[16:47:02] Systems: 3/3
[16:47:32] Systems: 3/3
[16:48:03] Systems: 3/3
[16:48:33] Systems: 3/3
[16:49:03] Systems: 3/3
[16:49:33] Systems: 3/3
[16:50:03] Systems: 3/3
[16:50:33] Systems: 3/3
[16:51:03] Systems: 3/3
Git backup...
[master 0072d3c] Auto-backup 16:51
 1 file changed, 2 insertions(+)
To https://github.com/cploveless123/Dex-trading-bot.git
   b465b33..0072d3c  master -> master
[16:51:34] Systems: 3/3
[16:52:04] Systems: 3/3
[16:52:34] Systems: 3/3
[16:53:04] Systems: 3/3
[16:53:34] Systems: 3/3
[16:54:04] Systems: 3/3
[16:54:34] Systems: 3/3
[16:55:04] Systems: 3/3
[16:55:35] Systems: 3/3
[16:56:05] Systems: 3/3
Git backup...
[master f01f9b8] Auto-backup 16:56
 1 file changed, 2 insertions(+)
To https://github.com/cploveless123/Dex-trading-bot.git
   39011d9..f01f9b8  master -> master
[16:56:37] Systems: 3/3
[16:57:07] Systems: 3/3
[16:57:37] Systems: 3/3
[16:58:07] Systems: 3/3
[16:58:37] Systems: 3/3
[16:59:07] Systems: 3/3
[16:59:38] Systems: 3/3
[17:00:08] Systems: 3/3
[17:00:38] Systems: 3/3
[17:01:08] Systems: 3/3
Git backup...
[master 962a0df] Auto-backup 17:01
 1 file changed, 2 insertions(+)
To https://github.com/cploveless123/Dex-trading-bot.git
   3bd09eb..962a0df  master -> master
[17:01:39] Systems: 3/3
[17:02:09] Systems: 3/3
[17:02:39] Systems: 3/3
[17:03:09] Systems: 3/3
[17:03:39] Systems: 3/3
[17:04:09] Systems: 3/3
[17:04:39] Systems: 3/3
[17:05:09] Systems: 3/3
[17:05:39] Systems: 3/3
[17:06:10] Systems: 3/3
Git backup...
[master 8ed8144] Auto-backup 17:06
 1 file changed, 2 insertions(+)
To https://github.com/cploveless123/Dex-trading-bot.git
   faa8e29..8ed8144  master -> master
[17:06:40] Systems: 3/3
[17:07:11] Systems: 3/3
[17:07:41] Systems: 3/3
[17:08:11] Systems: 3/3
[17:08:41] Systems: 3/3
[17:09:11] Systems: 3/3
[17:09:41] Systems: 3/3
[17:10:11] Systems: 3/3
[17:10:41] Systems: 3/3
[17:11:11] Systems: 3/3
Git backup...
[master 7f315d4] Auto-backup 17:11
 1 file changed, 2 insertions(+)
To https://github.com/cploveless123/Dex-trading-bot.git
   ac000fe..7f315d4  master -> master
[17:11:42] Systems: 3/3
[17:12:12] Systems: 3/3
[17:12:42] Systems: 3/3
[17:13:12] Systems: 3/3
[17:13:42] Systems: 3/3
[17:14:12] Systems: 3/3
[17:14:43] Systems: 3/3
[17:15:13] Systems: 3/3
[17:15:43] Systems: 3/3
[17:16:13] Systems: 3/3
Git backup...
[master 0cf986d] Auto-backup 17:16
 1 file changed, 2 insertions(+)
To https://github.com/cploveless123/Dex-trading-bot.git
   d4f0d05..0cf986d  master -> master
[17:16:44] Systems: 3/3
[17:17:14] Systems: 3/3
[17:17:44] Systems: 3/3
[17:18:14] Systems: 3/3
[17:18:44] Systems: 3/3
[17:19:14] Systems: 3/3
[17:19:44] Systems: 3/3
[17:20:14] Systems: 3/3
[17:20:44] Systems: 3/3
[17:21:14] Systems: 3/3
Git backup...
[master b66aab0] Auto-backup 17:21
 1 file changed, 2 insertions(+)
To https://github.com/cploveless123/Dex-trading-bot.git
   fb6d149..b66aab0  master -> master
[17:21:45] Systems: 3/3
[17:22:15] Systems: 3/3
[17:22:45] Systems: 3/3
[17:23:16] Systems: 3/3
[17:23:46] Systems: 3/3
[17:24:16] Systems: 3/3
[17:24:46] Systems: 3/3
[17:25:16] Systems: 3/3
[17:25:46] Systems: 3/3
[17:26:16] Systems: 3/3
Git backup...
[master e37c48c] Auto-backup 17:26
 1 file changed, 2 insertions(+)
To https://github.com/cploveless123/Dex-trading-bot.git
   455d683..e37c48c  master -> master
[17:26:47] Systems: 3/3
[Sat Apr 11 10:05:01 PM UTC 2026] position_monitor DOWN - restarting
[Sat Apr 11 10:05:06 PM UTC 2026] Systems restarted - whale:2 monitor:1 alert:2 auto:1
[Sat Apr 11 11:30:01 PM UTC 2026] whale_momentum_scanner DOWN - restarting
[Sat Apr 11 11:30:06 PM UTC 2026] Systems restarted - whale:1 monitor:1 alert:2 auto:1
[Sun Apr 12 12:15:02 AM UTC 2026] position_monitor DOWN - restarting
[Sun Apr 12 12:15:07 AM UTC 2026] Systems restarted - whale:1 monitor:1 alert:2 auto:1
[Sun Apr 12 06:15:02 PM UTC 2026] alert_sender DOWN - restarting
[Sun Apr 12 06:15:07 PM UTC 2026] Systems restarted - whale:2 monitor:2 alert:1 auto:2
