🐋 Whale Watcher v2 Started (on-chain)
Monitoring 5 wallets...
  🐋 BAr5csYtpWoNpwh...: 5 recent txs
  🐋 5ZuV8eqkvzYFVEK...: 5 recent txs
  Sleeping 3 minutes...
Monitoring 4 wallets...
  🐋 BAr5csYtpWoNpwh...: 5 recent txs
  🐋 5ZuV8eqkvzYFVEK...: 5 recent txs
  Sleeping 3 minutes...
Monitoring 5 wallets...
  🐋 BAr5csYtpWoNpwh...: 5 recent txs
  🐋 5ZuV8eqkvzYFVEK...: 5 recent txs
  Sleeping 3 minutes...
Monitoring 5 wallets...
  🐋 BAr5csYtpWoNpwh...: 5 recent txs
  🐋 5ZuV8eqkvzYFVEK...: 5 recent txs
  Sleeping 3 minutes...
Monitoring 5 wallets...
  🐋 BAr5csYtpWoNpwh...: 5 recent txs
  🐋 5ZuV8eqkvzYFVEK...: 5 recent txs
  Sleeping 3 minutes...
Monitoring 5 wallets...
  🐋 BAr5csYtpWoNpwh...: 5 recent txs
  🐋 5ZuV8eqkvzYFVEK...: 5 recent txs
  Sleeping 3 minutes...
Monitoring 5 wallets...
  🐋 BAr5csYtpWoNpwh...: 5 recent txs
  🐋 5ZuV8eqkvzYFVEK...: 5 recent txs
  Sleeping 3 minutes...
Monitoring 5 wallets...
  🐋 BAr5csYtpWoNpwh...: 5 recent txs
  🐋 5ZuV8eqkvzYFVEK...: 5 recent txs
  Sleeping 3 minutes...
Monitoring 5 wallets...
  🐋 BAr5csYtpWoNpwh...: 5 recent txs
  🐋 5ZuV8eqkvzYFVEK...: 5 recent txs
  Sleeping 3 minutes...
Monitoring 5 wallets...
  🐋 BAr5csYtpWoNpwh...: 5 recent txs
  🐋 5ZuV8eqkvzYFVEK...: 5 recent txs
  Sleeping 3 minutes...
Monitoring 5 wallets...
  🐋 BAr5csYtpWoNpwh...: 5 recent txs
  🐋 5ZuV8eqkvzYFVEK...: 5 recent txs
  Sleeping 3 minutes...
Monitoring 5 wallets...
  🐋 BAr5csYtpWoNpwh...: 5 recent txs
  🐋 5ZuV8eqkvzYFVEK...: 5 recent txs
  Sleeping 3 minutes...
Monitoring 5 wallets...
  🐋 BAr5csYtpWoNpwh...: 5 recent txs
  🐋 5ZuV8eqkvzYFVEK...: 5 recent txs
  Sleeping 3 minutes...
Monitoring 5 wallets...
  🐋 BAr5csYtpWoNpwh...: 5 recent txs
  🐋 5ZuV8eqkvzYFVEK...: 5 recent txs
  Sleeping 3 minutes...
Monitoring 5 wallets...
  🐋 BAr5csYtpWoNpwh...: 5 recent txs
  🐋 5ZuV8eqkvzYFVEK...: 5 recent txs
  Sleeping 3 minutes...
Monitoring 5 wallets...
  🐋 BAr5csYtpWoNpwh...: 5 recent txs
  🐋 5ZuV8eqkvzYFVEK...: 5 recent txs
  Sleeping 3 minutes...
Monitoring 5 wallets...
  🐋 BAr5csYtpWoNpwh...: 5 recent txs
  🐋 5ZuV8eqkvzYFVEK...: 5 recent txs
  Sleeping 3 minutes...
Monitoring 5 wallets...
  🐋 BAr5csYtpWoNpwh...: 5 recent txs
  🐋 5ZuV8eqkvzYFVEK...: 5 recent txs
  Sleeping 3 minutes...
Monitoring 5 wallets...
  🐋 BAr5csYtpWoNpwh...: 5 recent txs
  🐋 5ZuV8eqkvzYFVEK...: 5 recent txs
  Sleeping 3 minutes...
Monitoring 5 wallets...
  🐋 BAr5csYtpWoNpwh...: 5 recent txs
  🐋 5ZuV8eqkvzYFVEK...: 5 recent txs
  Sleeping 3 minutes...
Monitoring 5 wallets...
  🐋 BAr5csYtpWoNpwh...: 5 recent txs
  🐋 5ZuV8eqkvzYFVEK...: 5 recent txs
  Sleeping 3 minutes...
Monitoring 5 wallets...
  🐋 BAr5csYtpWoNpwh...: 5 recent txs
  🐋 5ZuV8eqkvzYFVEK...: 5 recent txs
  Sleeping 3 minutes...
Monitoring 5 wallets...
  🐋 BAr5csYtpWoNpwh...: 5 recent txs
  🐋 5ZuV8eqkvzYFVEK...: 5 recent txs
  Sleeping 3 minutes...
Monitoring 5 wallets...
  🐋 BAr5csYtpWoNpwh...: 5 recent txs
  🐋 5ZuV8eqkvzYFVEK...: 5 recent txs
  Sleeping 3 minutes...
Monitoring 5 wallets...
  🐋 BAr5csYtpWoNpwh...: 5 recent txs
  🐋 5ZuV8eqkvzYFVEK...: 5 recent txs
  Sleeping 3 minutes...
Monitoring 5 wallets...
  🐋 BAr5csYtpWoNpwh...: 5 recent txs
  🐋 5ZuV8eqkvzYFVEK...: 5 recent txs
  Sleeping 3 minutes...
Monitoring 5 wallets...
  🐋 BAr5csYtpWoNpwh...: 5 recent txs
  🐋 5ZuV8eqkvzYFVEK...: 5 recent txs
  Sleeping 3 minutes...
Monitoring 5 wallets...
  🐋 BAr5csYtpWoNpwh...: 5 recent txs
  🐋 5ZuV8eqkvzYFVEK...: 5 recent txs
  Sleeping 3 minutes...
Monitoring 5 wallets...
  🐋 BAr5csYtpWoNpwh...: 5 recent txs
  🐋 5ZuV8eqkvzYFVEK...: 5 recent txs
  Sleeping 3 minutes...
Monitoring 5 wallets...
  🐋 BAr5csYtpWoNpwh...: 5 recent txs
  🐋 5ZuV8eqkvzYFVEK...: 5 recent txs
  Sleeping 3 minutes...
Monitoring 5 wallets...
  🐋 BAr5csYtpWoNpwh...: 5 recent txs
  🐋 5ZuV8eqkvzYFVEK...: 5 recent txs
  Sleeping 3 minutes...
Monitoring 5 wallets...
  🐋 BAr5csYtpWoNpwh...: 5 recent txs
  🐋 5ZuV8eqkvzYFVEK...: 5 recent txs
  Sleeping 3 minutes...
Monitoring 5 wallets...
  🐋 BAr5csYtpWoNpwh...: 5 recent txs
  🐋 5ZuV8eqkvzYFVEK...: 5 recent txs
  Sleeping 3 minutes...
Monitoring 5 wallets...
  🐋 BAr5csYtpWoNpwh...: 5 recent txs
  🐋 5ZuV8eqkvzYFVEK...: 5 recent txs
  Sleeping 3 minutes...
Monitoring 5 wallets...
  🐋 BAr5csYtpWoNpwh...: 5 recent txs
  🐋 5ZuV8eqkvzYFVEK...: 5 recent txs
  Sleeping 3 minutes...
Monitoring 5 wallets...
  🐋 BAr5csYtpWoNpwh...: 5 recent txs
  🐋 5ZuV8eqkvzYFVEK...: 5 recent txs
  Sleeping 3 minutes...
Monitoring 5 wallets...
  🐋 BAr5csYtpWoNpwh...: 5 recent txs
  🐋 5ZuV8eqkvzYFVEK...: 5 recent txs
  Sleeping 3 minutes...
Monitoring 5 wallets...
  🐋 BAr5csYtpWoNpwh...: 5 recent txs
  🐋 5ZuV8eqkvzYFVEK...: 5 recent txs
  Sleeping 3 minutes...
Monitoring 5 wallets...
  🐋 BAr5csYtpWoNpwh...: 5 recent txs
  🐋 5ZuV8eqkvzYFVEK...: 5 recent txs
  Sleeping 3 minutes...
Monitoring 5 wallets...
  🐋 BAr5csYtpWoNpwh...: 5 recent txs
  🐋 5ZuV8eqkvzYFVEK...: 5 recent txs
  Sleeping 3 minutes...
Monitoring 5 wallets...
  🐋 BAr5csYtpWoNpwh...: 5 recent txs
  🐋 5ZuV8eqkvzYFVEK...: 5 recent txs
  Sleeping 3 minutes...
Monitoring 5 wallets...
  🐋 BAr5csYtpWoNpwh...: 5 recent txs
  🐋 5ZuV8eqkvzYFVEK...: 5 recent txs
  Sleeping 3 minutes...
Monitoring 5 wallets...
  🐋 BAr5csYtpWoNpwh...: 5 recent txs
  🐋 5ZuV8eqkvzYFVEK...: 5 recent txs
  Sleeping 3 minutes...
Monitoring 5 wallets...
  🐋 BAr5csYtpWoNpwh...: 5 recent txs
  🐋 5ZuV8eqkvzYFVEK...: 5 recent txs
  Sleeping 3 minutes...
Monitoring 5 wallets...
  🐋 BAr5csYtpWoNpwh...: 5 recent txs
  🐋 5ZuV8eqkvzYFVEK...: 5 recent txs
  Sleeping 3 minutes...
Monitoring 5 wallets...
  🐋 BAr5csYtpWoNpwh...: 5 recent txs
  🐋 5ZuV8eqkvzYFVEK...: 5 recent txs
  Sleeping 3 minutes...
Monitoring 5 wallets...
  🐋 BAr5csYtpWoNpwh...: 5 recent txs
  🐋 5ZuV8eqkvzYFVEK...: 5 recent txs
  Sleeping 3 minutes...
Monitoring 5 wallets...
  🐋 BAr5csYtpWoNpwh...: 5 recent txs
  🐋 5ZuV8eqkvzYFVEK...: 5 recent txs
  Sleeping 3 minutes...
Monitoring 5 wallets...
  🐋 BAr5csYtpWoNpwh...: 5 recent txs
  🐋 5ZuV8eqkvzYFVEK...: 5 recent txs
  Sleeping 3 minutes...
Monitoring 5 wallets...
  🐋 BAr5csYtpWoNpwh...: 5 recent txs
  🐋 5ZuV8eqkvzYFVEK...: 5 recent txs
  Sleeping 3 minutes...
Monitoring 5 wallets...
  🐋 BAr5csYtpWoNpwh...: 5 recent txs
  🐋 5ZuV8eqkvzYFVEK...: 5 recent txs
  Sleeping 3 minutes...
Monitoring 5 wallets...
  🐋 BAr5csYtpWoNpwh...: 5 recent txs
  🐋 5ZuV8eqkvzYFVEK...: 5 recent txs
  Sleeping 3 minutes...
Monitoring 5 wallets...
  Sleeping 3 minutes...
Monitoring 5 wallets...
  🐋 BAr5csYtpWoNpwh...: 5 recent txs
  🐋 5ZuV8eqkvzYFVEK...: 5 recent txs
  Sleeping 3 minutes...
Monitoring 5 wallets...
  🐋 BAr5csYtpWoNpwh...: 5 recent txs
  🐋 5ZuV8eqkvzYFVEK...: 5 recent txs
  Sleeping 3 minutes...
Monitoring 5 wallets...
  🐋 BAr5csYtpWoNpwh...: 5 recent txs
  🐋 5ZuV8eqkvzYFVEK...: 5 recent txs
  Sleeping 3 minutes...
Monitoring 5 wallets...
  🐋 BAr5csYtpWoNpwh...: 5 recent txs
  🐋 5ZuV8eqkvzYFVEK...: 5 recent txs
  Sleeping 3 minutes...
Monitoring 5 wallets...
  Sleeping 3 minutes...
Monitoring 5 wallets...
  🐋 BAr5csYtpWoNpwh...: 5 recent txs
  🐋 5ZuV8eqkvzYFVEK...: 5 recent txs
  Sleeping 3 minutes...
Monitoring 5 wallets...
  🐋 BAr5csYtpWoNpwh...: 5 recent txs
  🐋 5ZuV8eqkvzYFVEK...: 5 recent txs
  Sleeping 3 minutes...
Monitoring 5 wallets...
  🐋 BAr5csYtpWoNpwh...: 5 recent txs
  🐋 5ZuV8eqkvzYFVEK...: 5 recent txs
  Sleeping 3 minutes...
Monitoring 5 wallets...
  🐋 BAr5csYtpWoNpwh...: 5 recent txs
  🐋 5ZuV8eqkvzYFVEK...: 5 recent txs
  Sleeping 3 minutes...
Monitoring 5 wallets...
  Sleeping 3 minutes...
Monitoring 5 wallets...
  🐋 BAr5csYtpWoNpwh...: 5 recent txs
  🐋 5ZuV8eqkvzYFVEK...: 5 recent txs
  Sleeping 3 minutes...
Monitoring 5 wallets...
  🐋 BAr5csYtpWoNpwh...: 5 recent txs
  🐋 5ZuV8eqkvzYFVEK...: 5 recent txs
  Sleeping 3 minutes...
Monitoring 5 wallets...
  🐋 BAr5csYtpWoNpwh...: 5 recent txs
